Arguments: 
  C:\Program Files\nodejs\node.exe C:\Users\Isoft\AppData\Roaming\npm\node_modules\yarn\bin\yarn.js add gh-pages

PATH: 
  C:\Program Files (x86)\Common Files\Oracle\Java\javapath;C:\ProgramData\Oracle\Java\javapath;C:\Windows\system32;C:\Windows;C:\Windows\System32\Wbem;C:\Windows\System32\WindowsPowerShell\1.0\C:\Program Files\Nodejs;C:\xampp\php;C:\ProgramData\ComposerSetup\bin;C:/Users/Isoft/AppData/Roaming/Composer;C:\xampp\htdocs\laravel;C:\Windows\system32\cmd.exe;~/.composer/vendor/bin;C:\Program Files\nodejs\C:\Users\Isoft\AppData\Roaming\Composer\vendor\bin;C:\Program Files\nodejs\node_modules\npm;C:\Users\Isoft\AppData\Roaming\Composer\vendor\bin ;C:\Users\Isoft\AppData\Roaming\npm;C:\Users\Isoft\AppData\Local\Yarn\bin;C:\flutter\bin;C:\adb;C:\Program Files\nodejs;C:\flutter\bin\;C:\Program Files (x86)\Microsoft VS Code\bin;C:\Program Files\PuTTY\;C:\Program Files\Git\cmd;C:\Users\Isoft\AppData\Local\Programs\Python\Python37-32\Scripts\;C:\Users\Isoft\AppData\Local\Programs\Python\Python37-32\;C:\Program Files\nodejs\node_modules\npm;C:\Users\Isoft\AppData\Roaming\Composer\vendor\bin ;C:\Program Files (x86)\Microsoft VS Code\bin;C:\flutter\bin;C:\Users\Isoft\AppData\Roaming\npm;C:\Windows\System32\WindowsPowerShell\v1.0\;C:\Program Files\MongoDB\Server\4.2\bin

Yarn version: 
  1.22.4

Node version: 
  10.16.0

Platform: 
  win32 x64

Trace: 
  Error: https://registry.npmjs.org/@testing-library%2fjest-dom: error:0909006C:PEM routines:get_name:no start line
      at Object.createSecureContext (_tls_common.js:156:17)
      at Object.connect (_tls_wrap.js:1127:48)
      at Agent.createConnection (https.js:120:22)
      at Agent.createSocket (_http_agent.js:227:26)
      at Agent.addRequest (_http_agent.js:185:10)
      at new ClientRequest (_http_client.js:249:16)
      at Object.request (https.js:289:10)
      at Request.module.exports.Request.start (C:\Users\Isoft\AppData\Roaming\npm\node_modules\yarn\lib\cli.js:141310:32)
      at Request.module.exports.Request.end (C:\Users\Isoft\AppData\Roaming\npm\node_modules\yarn\lib\cli.js:142069:10)
      at end (C:\Users\Isoft\AppData\Roaming\npm\node_modules\yarn\lib\cli.js:141123:14)

npm manifest: 
  {
    "name": "frontend",
    "version": "0.1.0",
    "private": true,
    "dependencies": {
      "@testing-library/jest-dom": "^4.2.4",
      "@testing-library/react": "^9.5.0",
      "@testing-library/user-event": "^7.2.1",
      "jquery": "^3.5.1",
      "react": "^16.13.1",
      "react-dom": "^16.13.1",
      "react-router-dom": "^5.2.0",
      "react-scripts": "3.4.1"
    },
    "scripts": {
      "start": "react-scripts start",
      "build": "react-scripts build",
      "test": "react-scripts test",
      "eject": "react-scripts eject"
    },
    "eslintConfig": {
      "extends": "react-app"
    },
    "browserslist": {
      "production": [
        ">0.2%",
        "not dead",
        "not op_mini all"
      ],
      "development": [
        "last 1 chrome version",
        "last 1 firefox version",
        "last 1 safari version"
      ]
    },
    "devDependencies": {
      "create-react-component-folder": "^0.3.2"
    }
  }

yarn manifest: 
  No manifest

Lockfile: 
  No lockfile
